CRITICAL - 2022-11-11 10:44:28 --> Invalid file: pages/footer.php
in SYSTEMPATH\Exceptions\FrameworkException.php on line 33.
 1 SYSTEMPATH\View\View.php(201): CodeIgniter\Exceptions\FrameworkException::forInvalidFile('pages/footer.php')
 2 SYSTEMPATH\Common.php(1134): CodeIgniter\View\View->render('pages/footer', [], true)
 3 APPPATH\Controllers\crud.php(18): view('pages/footer')
 4 SYSTEMPATH\CodeIgniter.php(927): App\Controllers\crud->insert()
 5 SYSTEMPATH\CodeIgniter.php(482): CodeIgniter\CodeIgniter->runController(Object(App\Controllers\crud))
 6 SYSTEMPATH\CodeIgniter.php(351): CodeIgniter\CodeIgniter->handleRequest(null, Object(Config\Cache), false)
 7 FCPATH\index.php(67): CodeIgniter\CodeIgniter->run()
CRITICAL - 2022-11-11 10:44:28 --> Invalid file: pages/footer.php
in SYSTEMPATH\Exceptions\FrameworkException.php on line 33.
 1 SYSTEMPATH\View\View.php(201): CodeIgniter\Exceptions\FrameworkException::forInvalidFile('pages/footer.php')
 2 SYSTEMPATH\Common.php(1134): CodeIgniter\View\View->render('pages/footer', [], true)
 3 APPPATH\Controllers\crud.php(18): view('pages/footer')
 4 SYSTEMPATH\CodeIgniter.php(927): App\Controllers\crud->insert()
 5 SYSTEMPATH\CodeIgniter.php(482): CodeIgniter\CodeIgniter->runController(Object(App\Controllers\crud))
 6 SYSTEMPATH\CodeIgniter.php(351): CodeIgniter\CodeIgniter->handleRequest(null, Object(Config\Cache), false)
 7 FCPATH\index.php(67): CodeIgniter\CodeIgniter->run()
CRITICAL - 2022-11-11 10:48:36 --> Call to undefined method CodeIgniter\View\View::extends()
in APPPATH\Views\pages\insert.php on line 1.
 1 SYSTEMPATH\View\View.php(213): include()
 2 SYSTEMPATH\View\View.php(216): CodeIgniter\View\View->CodeIgniter\View\{closure}()
 3 SYSTEMPATH\Common.php(1134): CodeIgniter\View\View->render('pages/insert', [], true)
 4 APPPATH\Controllers\crud.php(16): view('pages/insert')
 5 SYSTEMPATH\CodeIgniter.php(927): App\Controllers\crud->insert()
 6 SYSTEMPATH\CodeIgniter.php(482): CodeIgniter\CodeIgniter->runController(Object(App\Controllers\crud))
 7 SYSTEMPATH\CodeIgniter.php(351): CodeIgniter\CodeIgniter->handleRequest(null, Object(Config\Cache), false)
 8 FCPATH\index.php(67): CodeIgniter\CodeIgniter->run()
CRITICAL - 2022-11-11 10:48:37 --> Call to undefined method CodeIgniter\View\View::extends()
in APPPATH\Views\pages\insert.php on line 1.
 1 SYSTEMPATH\View\View.php(213): include()
 2 SYSTEMPATH\View\View.php(216): CodeIgniter\View\View->CodeIgniter\View\{closure}()
 3 SYSTEMPATH\Common.php(1134): CodeIgniter\View\View->render('pages/insert', [], true)
 4 APPPATH\Controllers\crud.php(16): view('pages/insert')
 5 SYSTEMPATH\CodeIgniter.php(927): App\Controllers\crud->insert()
 6 SYSTEMPATH\CodeIgniter.php(482): CodeIgniter\CodeIgniter->runController(Object(App\Controllers\crud))
 7 SYSTEMPATH\CodeIgniter.php(351): CodeIgniter\CodeIgniter->handleRequest(null, Object(Config\Cache), false)
 8 FCPATH\index.php(67): CodeIgniter\CodeIgniter->run()
CRITICAL - 2022-11-11 10:53:10 --> Undefined variable: thsi
in APPPATH\Views\pages\select.php on line 58.
 1 APPPATH\Views\pages\select.php(58): CodeIgniter\Debug\Exceptions->errorHandler(8, 'Undefined variable: thsi', 'APPPATH\\Views\\pages\\select.php', 58, [])
 2 SYSTEMPATH\View\View.php(213): include('APPPATH\\Views\\pages\\select.php')
 3 SYSTEMPATH\View\View.php(216): CodeIgniter\View\View->CodeIgniter\View\{closure}()
 4 SYSTEMPATH\Common.php(1134): CodeIgniter\View\View->render('pages/select', [], true)
 5 APPPATH\Controllers\crud.php(11): view('pages/select')
 6 SYSTEMPATH\CodeIgniter.php(927): App\Controllers\crud->index()
 7 SYSTEMPATH\CodeIgniter.php(482): CodeIgniter\CodeIgniter->runController(Object(App\Controllers\crud))
 8 SYSTEMPATH\CodeIgniter.php(351): CodeIgniter\CodeIgniter->handleRequest(null, Object(Config\Cache), false)
 9 FCPATH\index.php(67): CodeIgniter\CodeIgniter->run()
CRITICAL - 2022-11-11 10:53:11 --> Undefined variable: thsi
in APPPATH\Views\pages\select.php on line 58.
 1 APPPATH\Views\pages\select.php(58): CodeIgniter\Debug\Exceptions->errorHandler(8, 'Undefined variable: thsi', 'APPPATH\\Views\\pages\\select.php', 58, [])
 2 SYSTEMPATH\View\View.php(213): include('APPPATH\\Views\\pages\\select.php')
 3 SYSTEMPATH\View\View.php(216): CodeIgniter\View\View->CodeIgniter\View\{closure}()
 4 SYSTEMPATH\Common.php(1134): CodeIgniter\View\View->render('pages/select', [], true)
 5 APPPATH\Controllers\crud.php(11): view('pages/select')
 6 SYSTEMPATH\CodeIgniter.php(927): App\Controllers\crud->index()
 7 SYSTEMPATH\CodeIgniter.php(482): CodeIgniter\CodeIgniter->runController(Object(App\Controllers\crud))
 8 SYSTEMPATH\CodeIgniter.php(351): CodeIgniter\CodeIgniter->handleRequest(null, Object(Config\Cache), false)
 9 FCPATH\index.php(67): CodeIgniter\CodeIgniter->run()
CRITICAL - 2022-11-11 10:53:11 --> Undefined variable: thsi
in APPPATH\Views\pages\select.php on line 58.
 1 APPPATH\Views\pages\select.php(58): CodeIgniter\Debug\Exceptions->errorHandler(8, 'Undefined variable: thsi', 'APPPATH\\Views\\pages\\select.php', 58, [])
 2 SYSTEMPATH\View\View.php(213): include('APPPATH\\Views\\pages\\select.php')
 3 SYSTEMPATH\View\View.php(216): CodeIgniter\View\View->CodeIgniter\View\{closure}()
 4 SYSTEMPATH\Common.php(1134): CodeIgniter\View\View->render('pages/select', [], true)
 5 APPPATH\Controllers\crud.php(11): view('pages/select')
 6 SYSTEMPATH\CodeIgniter.php(927): App\Controllers\crud->index()
 7 SYSTEMPATH\CodeIgniter.php(482): CodeIgniter\CodeIgniter->runController(Object(App\Controllers\crud))
 8 SYSTEMPATH\CodeIgniter.php(351): CodeIgniter\CodeIgniter->handleRequest(null, Object(Config\Cache), false)
 9 FCPATH\index.php(67): CodeIgniter\CodeIgniter->run()
CRITICAL - 2022-11-11 10:54:28 --> Invalid file: test.php
in SYSTEMPATH\Exceptions\FrameworkException.php on line 33.
 1 SYSTEMPATH\View\View.php(201): CodeIgniter\Exceptions\FrameworkException::forInvalidFile('test.php')
 2 SYSTEMPATH\View\View.php(431): CodeIgniter\View\View->render('test', null, true)
 3 APPPATH\Views\pages\select.php(25): CodeIgniter\View\View->include('test')
 4 SYSTEMPATH\View\View.php(213): include('APPPATH\\Views\\pages\\select.php')
 5 SYSTEMPATH\View\View.php(216): CodeIgniter\View\View->CodeIgniter\View\{closure}()
 6 SYSTEMPATH\Common.php(1134): CodeIgniter\View\View->render('pages/select', [], true)
 7 APPPATH\Controllers\crud.php(11): view('pages/select')
 8 SYSTEMPATH\CodeIgniter.php(927): App\Controllers\crud->index()
 9 SYSTEMPATH\CodeIgniter.php(482): CodeIgniter\CodeIgniter->runController(Object(App\Controllers\crud))
10 SYSTEMPATH\CodeIgniter.php(351): CodeIgniter\CodeIgniter->handleRequest(null, Object(Config\Cache), false)
11 FCPATH\index.php(67): CodeIgniter\CodeIgniter->run()
CRITICAL - 2022-11-11 10:54:29 --> Invalid file: test.php
in SYSTEMPATH\Exceptions\FrameworkException.php on line 33.
 1 SYSTEMPATH\View\View.php(201): CodeIgniter\Exceptions\FrameworkException::forInvalidFile('test.php')
 2 SYSTEMPATH\View\View.php(431): CodeIgniter\View\View->render('test', null, true)
 3 APPPATH\Views\pages\select.php(25): CodeIgniter\View\View->include('test')
 4 SYSTEMPATH\View\View.php(213): include('APPPATH\\Views\\pages\\select.php')
 5 SYSTEMPATH\View\View.php(216): CodeIgniter\View\View->CodeIgniter\View\{closure}()
 6 SYSTEMPATH\Common.php(1134): CodeIgniter\View\View->render('pages/select', [], true)
 7 APPPATH\Controllers\crud.php(11): view('pages/select')
 8 SYSTEMPATH\CodeIgniter.php(927): App\Controllers\crud->index()
 9 SYSTEMPATH\CodeIgniter.php(482): CodeIgniter\CodeIgniter->runController(Object(App\Controllers\crud))
10 SYSTEMPATH\CodeIgniter.php(351): CodeIgniter\CodeIgniter->handleRequest(null, Object(Config\Cache), false)
11 FCPATH\index.php(67): CodeIgniter\CodeIgniter->run()
CRITICAL - 2022-11-11 10:54:29 --> Invalid file: test.php
in SYSTEMPATH\Exceptions\FrameworkException.php on line 33.
 1 SYSTEMPATH\View\View.php(201): CodeIgniter\Exceptions\FrameworkException::forInvalidFile('test.php')
 2 SYSTEMPATH\View\View.php(431): CodeIgniter\View\View->render('test', null, true)
 3 APPPATH\Views\pages\select.php(25): CodeIgniter\View\View->include('test')
 4 SYSTEMPATH\View\View.php(213): include('APPPATH\\Views\\pages\\select.php')
 5 SYSTEMPATH\View\View.php(216): CodeIgniter\View\View->CodeIgniter\View\{closure}()
 6 SYSTEMPATH\Common.php(1134): CodeIgniter\View\View->render('pages/select', [], true)
 7 APPPATH\Controllers\crud.php(11): view('pages/select')
 8 SYSTEMPATH\CodeIgniter.php(927): App\Controllers\crud->index()
 9 SYSTEMPATH\CodeIgniter.php(482): CodeIgniter\CodeIgniter->runController(Object(App\Controllers\crud))
10 SYSTEMPATH\CodeIgniter.php(351): CodeIgniter\CodeIgniter->handleRequest(null, Object(Config\Cache), false)
11 FCPATH\index.php(67): CodeIgniter\CodeIgniter->run()
CRITICAL - 2022-11-11 10:55:27 --> Invalid file: test.php
in SYSTEMPATH\Exceptions\FrameworkException.php on line 33.
 1 SYSTEMPATH\View\View.php(201): CodeIgniter\Exceptions\FrameworkException::forInvalidFile('test.php')
 2 SYSTEMPATH\View\View.php(431): CodeIgniter\View\View->render('test', null, true)
 3 APPPATH\Views\pages\select.php(25): CodeIgniter\View\View->include('test')
 4 SYSTEMPATH\View\View.php(213): include('APPPATH\\Views\\pages\\select.php')
 5 SYSTEMPATH\View\View.php(216): CodeIgniter\View\View->CodeIgniter\View\{closure}()
 6 SYSTEMPATH\Common.php(1134): CodeIgniter\View\View->render('pages/select', [], true)
 7 APPPATH\Controllers\crud.php(11): view('pages/select')
 8 SYSTEMPATH\CodeIgniter.php(927): App\Controllers\crud->index()
 9 SYSTEMPATH\CodeIgniter.php(482): CodeIgniter\CodeIgniter->runController(Object(App\Controllers\crud))
10 SYSTEMPATH\CodeIgniter.php(351): CodeIgniter\CodeIgniter->handleRequest(null, Object(Config\Cache), false)
11 FCPATH\index.php(67): CodeIgniter\CodeIgniter->run()
CRITICAL - 2022-11-11 10:55:28 --> Invalid file: test.php
in SYSTEMPATH\Exceptions\FrameworkException.php on line 33.
 1 SYSTEMPATH\View\View.php(201): CodeIgniter\Exceptions\FrameworkException::forInvalidFile('test.php')
 2 SYSTEMPATH\View\View.php(431): CodeIgniter\View\View->render('test', null, true)
 3 APPPATH\Views\pages\select.php(25): CodeIgniter\View\View->include('test')
 4 SYSTEMPATH\View\View.php(213): include('APPPATH\\Views\\pages\\select.php')
 5 SYSTEMPATH\View\View.php(216): CodeIgniter\View\View->CodeIgniter\View\{closure}()
 6 SYSTEMPATH\Common.php(1134): CodeIgniter\View\View->render('pages/select', [], true)
 7 APPPATH\Controllers\crud.php(11): view('pages/select')
 8 SYSTEMPATH\CodeIgniter.php(927): App\Controllers\crud->index()
 9 SYSTEMPATH\CodeIgniter.php(482): CodeIgniter\CodeIgniter->runController(Object(App\Controllers\crud))
10 SYSTEMPATH\CodeIgniter.php(351): CodeIgniter\CodeIgniter->handleRequest(null, Object(Config\Cache), false)
11 FCPATH\index.php(67): CodeIgniter\CodeIgniter->run()
CRITICAL - 2022-11-11 10:55:28 --> Invalid file: test.php
in SYSTEMPATH\Exceptions\FrameworkException.php on line 33.
 1 SYSTEMPATH\View\View.php(201): CodeIgniter\Exceptions\FrameworkException::forInvalidFile('test.php')
 2 SYSTEMPATH\View\View.php(431): CodeIgniter\View\View->render('test', null, true)
 3 APPPATH\Views\pages\select.php(25): CodeIgniter\View\View->include('test')
 4 SYSTEMPATH\View\View.php(213): include('APPPATH\\Views\\pages\\select.php')
 5 SYSTEMPATH\View\View.php(216): CodeIgniter\View\View->CodeIgniter\View\{closure}()
 6 SYSTEMPATH\Common.php(1134): CodeIgniter\View\View->render('pages/select', [], true)
 7 APPPATH\Controllers\crud.php(11): view('pages/select')
 8 SYSTEMPATH\CodeIgniter.php(927): App\Controllers\crud->index()
 9 SYSTEMPATH\CodeIgniter.php(482): CodeIgniter\CodeIgniter->runController(Object(App\Controllers\crud))
10 SYSTEMPATH\CodeIgniter.php(351): CodeIgniter\CodeIgniter->handleRequest(null, Object(Config\Cache), false)
11 FCPATH\index.php(67): CodeIgniter\CodeIgniter->run()
CRITICAL - 2022-11-11 10:55:48 --> Invalid file: /test.php
in SYSTEMPATH\Exceptions\FrameworkException.php on line 33.
 1 SYSTEMPATH\View\View.php(201): CodeIgniter\Exceptions\FrameworkException::forInvalidFile('/test.php')
 2 SYSTEMPATH\View\View.php(431): CodeIgniter\View\View->render('/test', null, true)
 3 APPPATH\Views\pages\select.php(25): CodeIgniter\View\View->include('/test')
 4 SYSTEMPATH\View\View.php(213): include('APPPATH\\Views\\pages\\select.php')
 5 SYSTEMPATH\View\View.php(216): CodeIgniter\View\View->CodeIgniter\View\{closure}()
 6 SYSTEMPATH\Common.php(1134): CodeIgniter\View\View->render('pages/select', [], true)
 7 APPPATH\Controllers\crud.php(11): view('pages/select')
 8 SYSTEMPATH\CodeIgniter.php(927): App\Controllers\crud->index()
 9 SYSTEMPATH\CodeIgniter.php(482): CodeIgniter\CodeIgniter->runController(Object(App\Controllers\crud))
10 SYSTEMPATH\CodeIgniter.php(351): CodeIgniter\CodeIgniter->handleRequest(null, Object(Config\Cache), false)
11 FCPATH\index.php(67): CodeIgniter\CodeIgniter->run()
CRITICAL - 2022-11-11 10:55:49 --> Invalid file: /test.php
in SYSTEMPATH\Exceptions\FrameworkException.php on line 33.
 1 SYSTEMPATH\View\View.php(201): CodeIgniter\Exceptions\FrameworkException::forInvalidFile('/test.php')
 2 SYSTEMPATH\View\View.php(431): CodeIgniter\View\View->render('/test', null, true)
 3 APPPATH\Views\pages\select.php(25): CodeIgniter\View\View->include('/test')
 4 SYSTEMPATH\View\View.php(213): include('APPPATH\\Views\\pages\\select.php')
 5 SYSTEMPATH\View\View.php(216): CodeIgniter\View\View->CodeIgniter\View\{closure}()
 6 SYSTEMPATH\Common.php(1134): CodeIgniter\View\View->render('pages/select', [], true)
 7 APPPATH\Controllers\crud.php(11): view('pages/select')
 8 SYSTEMPATH\CodeIgniter.php(927): App\Controllers\crud->index()
 9 SYSTEMPATH\CodeIgniter.php(482): CodeIgniter\CodeIgniter->runController(Object(App\Controllers\crud))
10 SYSTEMPATH\CodeIgniter.php(351): CodeIgniter\CodeIgniter->handleRequest(null, Object(Config\Cache), false)
11 FCPATH\index.php(67): CodeIgniter\CodeIgniter->run()
CRITICAL - 2022-11-11 10:55:49 --> Invalid file: /test.php
in SYSTEMPATH\Exceptions\FrameworkException.php on line 33.
 1 SYSTEMPATH\View\View.php(201): CodeIgniter\Exceptions\FrameworkException::forInvalidFile('/test.php')
 2 SYSTEMPATH\View\View.php(431): CodeIgniter\View\View->render('/test', null, true)
 3 APPPATH\Views\pages\select.php(25): CodeIgniter\View\View->include('/test')
 4 SYSTEMPATH\View\View.php(213): include('APPPATH\\Views\\pages\\select.php')
 5 SYSTEMPATH\View\View.php(216): CodeIgniter\View\View->CodeIgniter\View\{closure}()
 6 SYSTEMPATH\Common.php(1134): CodeIgniter\View\View->render('pages/select', [], true)
 7 APPPATH\Controllers\crud.php(11): view('pages/select')
 8 SYSTEMPATH\CodeIgniter.php(927): App\Controllers\crud->index()
 9 SYSTEMPATH\CodeIgniter.php(482): CodeIgniter\CodeIgniter->runController(Object(App\Controllers\crud))
10 SYSTEMPATH\CodeIgniter.php(351): CodeIgniter\CodeIgniter->handleRequest(null, Object(Config\Cache), false)
11 FCPATH\index.php(67): CodeIgniter\CodeIgniter->run()
CRITICAL - 2022-11-11 10:55:53 --> Invalid file: ./test.php
in SYSTEMPATH\Exceptions\FrameworkException.php on line 33.
 1 SYSTEMPATH\View\View.php(201): CodeIgniter\Exceptions\FrameworkException::forInvalidFile('./test.php')
 2 SYSTEMPATH\View\View.php(431): CodeIgniter\View\View->render('./test', null, true)
 3 APPPATH\Views\pages\select.php(25): CodeIgniter\View\View->include('./test')
 4 SYSTEMPATH\View\View.php(213): include('APPPATH\\Views\\pages\\select.php')
 5 SYSTEMPATH\View\View.php(216): CodeIgniter\View\View->CodeIgniter\View\{closure}()
 6 SYSTEMPATH\Common.php(1134): CodeIgniter\View\View->render('pages/select', [], true)
 7 APPPATH\Controllers\crud.php(11): view('pages/select')
 8 SYSTEMPATH\CodeIgniter.php(927): App\Controllers\crud->index()
 9 SYSTEMPATH\CodeIgniter.php(482): CodeIgniter\CodeIgniter->runController(Object(App\Controllers\crud))
10 SYSTEMPATH\CodeIgniter.php(351): CodeIgniter\CodeIgniter->handleRequest(null, Object(Config\Cache), false)
11 FCPATH\index.php(67): CodeIgniter\CodeIgniter->run()
CRITICAL - 2022-11-11 10:55:53 --> Invalid file: ./test.php
in SYSTEMPATH\Exceptions\FrameworkException.php on line 33.
 1 SYSTEMPATH\View\View.php(201): CodeIgniter\Exceptions\FrameworkException::forInvalidFile('./test.php')
 2 SYSTEMPATH\View\View.php(431): CodeIgniter\View\View->render('./test', null, true)
 3 APPPATH\Views\pages\select.php(25): CodeIgniter\View\View->include('./test')
 4 SYSTEMPATH\View\View.php(213): include('APPPATH\\Views\\pages\\select.php')
 5 SYSTEMPATH\View\View.php(216): CodeIgniter\View\View->CodeIgniter\View\{closure}()
 6 SYSTEMPATH\Common.php(1134): CodeIgniter\View\View->render('pages/select', [], true)
 7 APPPATH\Controllers\crud.php(11): view('pages/select')
 8 SYSTEMPATH\CodeIgniter.php(927): App\Controllers\crud->index()
 9 SYSTEMPATH\CodeIgniter.php(482): CodeIgniter\CodeIgniter->runController(Object(App\Controllers\crud))
10 SYSTEMPATH\CodeIgniter.php(351): CodeIgniter\CodeIgniter->handleRequest(null, Object(Config\Cache), false)
11 FCPATH\index.php(67): CodeIgniter\CodeIgniter->run()
CRITICAL - 2022-11-11 11:02:13 --> Invalid file: pages/tables.php
in SYSTEMPATH\Exceptions\FrameworkException.php on line 33.
 1 SYSTEMPATH\View\View.php(201): CodeIgniter\Exceptions\FrameworkException::forInvalidFile('pages/tables.php')
 2 SYSTEMPATH\View\View.php(431): CodeIgniter\View\View->render('pages/tables', null, true)
 3 APPPATH\Views\pages\select.php(28): CodeIgniter\View\View->include('pages/tables')
 4 SYSTEMPATH\View\View.php(213): include('APPPATH\\Views\\pages\\select.php')
 5 SYSTEMPATH\View\View.php(216): CodeIgniter\View\View->CodeIgniter\View\{closure}()
 6 SYSTEMPATH\Common.php(1134): CodeIgniter\View\View->render('pages/select', [], true)
 7 APPPATH\Controllers\crud.php(11): view('pages/select')
 8 SYSTEMPATH\CodeIgniter.php(927): App\Controllers\crud->index()
 9 SYSTEMPATH\CodeIgniter.php(482): CodeIgniter\CodeIgniter->runController(Object(App\Controllers\crud))
10 SYSTEMPATH\CodeIgniter.php(351): CodeIgniter\CodeIgniter->handleRequest(null, Object(Config\Cache), false)
11 FCPATH\index.php(67): CodeIgniter\CodeIgniter->run()
